<?xml version="1.0" encoding="UTF-8"?>
<testsuite name="com.projectx.rest.repository.CustomerQuickRegisterRepositoryTest" tests="8" failures="0" errors="0" timestamp="2014-09-19T11:32:26" hostname="dinesh" time="3.58">
  <properties/>
  <testcase name="deleteByEmailWithEmailCustomer" classname="com.projectx.rest.repository.CustomerQuickRegisterRepositoryTest" time="3.558"/>
  <testcase name="findByEmailMobileWithEmailMobileCustomer" classname="com.projectx.rest.repository.CustomerQuickRegisterRepositoryTest" time="0.001"/>
  <testcase name="deleteByMobileWithMobileCustomer" classname="com.projectx.rest.repository.CustomerQuickRegisterRepositoryTest" time="0.001"/>
  <testcase name="countByEmailMobileNewEmailCustomer" classname="com.projectx.rest.repository.CustomerQuickRegisterRepositoryTest" time="0.002"/>
  <testcase name="findByEmailMobileWithEmailCustomer" classname="com.projectx.rest.repository.CustomerQuickRegisterRepositoryTest" time="0.001"/>
  <testcase name="countByEmailMobileNewEmailMobileCustomer" classname="com.projectx.rest.repository.CustomerQuickRegisterRepositoryTest" time="0.001"/>
  <testcase name="findByEmailMobileWithMobileCustomer" classname="com.projectx.rest.repository.CustomerQuickRegisterRepositoryTest" time="0.001"/>
  <testcase name="countByEmailMobileNewMobileCustomer" classname="com.projectx.rest.repository.CustomerQuickRegisterRepositoryTest" time="0.001"/>
  <system-out><![CDATA[17:02:26.651 [Test worker] DEBUG o.s.t.c.j.SpringJUnit4ClassRunner - SpringJUnit4ClassRunner constructor called with [class com.projectx.rest.repository.CustomerQuickRegisterRepositoryTest].
17:02:26.837 [Test worker] DEBUG o.s.test.context.ContextLoaderUtils - Found explicit ContextLoader class [org.springframework.boot.test.SpringApplicationContextLoader] for context configuration attributes [ContextConfigurationAttributes@8e2b14 declaringClass = 'com.projectx.rest.repository.CustomerQuickRegisterRepositoryTest', locations = '{}', classes = '{class com.projectx.rest.config.Application}', inheritLocations = true, initializers = '{}', inheritInitializers = true, name = [null], contextLoaderClass = 'org.springframework.boot.test.SpringApplicationContextLoader']
17:02:26.852 [Test worker] DEBUG o.s.test.context.TestContextManager - @TestExecutionListeners is not present for class [com.projectx.rest.repository.CustomerQuickRegisterRepositoryTest]: using defaults.
17:02:26.861 [Test worker] INFO  o.s.test.context.TestContextManager - Could not instantiate TestExecutionListener [org.springframework.test.context.transaction.TransactionalTestExecutionListener]. Specify custom listener classes or make the default listener classes (and their required dependencies) available. Offending class: [org/springframework/transaction/interceptor/TransactionAttribute]
17:02:26.864 [Test worker] DEBUG o.s.t.annotation.ProfileValueUtils - Retrieved @ProfileValueSourceConfiguration [null] for test class [com.projectx.rest.repository.CustomerQuickRegisterRepositoryTest]
17:02:26.866 [Test worker] DEBUG o.s.t.annotation.ProfileValueUtils - Retrieved ProfileValueSource type [class org.springframework.test.annotation.SystemProfileValueSource] for class [com.projectx.rest.repository.CustomerQuickRegisterRepositoryTest]
17:02:26.870 [Test worker] DEBUG o.s.t.annotation.ProfileValueUtils - Retrieved @ProfileValueSourceConfiguration [null] for test class [com.projectx.rest.repository.CustomerQuickRegisterRepositoryTest]
17:02:26.871 [Test worker] DEBUG o.s.t.annotation.ProfileValueUtils - Retrieved ProfileValueSource type [class org.springframework.test.annotation.SystemProfileValueSource] for class [com.projectx.rest.repository.CustomerQuickRegisterRepositoryTest]
17:02:26.872 [Test worker] DEBUG o.s.t.annotation.ProfileValueUtils - Retrieved @ProfileValueSourceConfiguration [null] for test class [com.projectx.rest.repository.CustomerQuickRegisterRepositoryTest]
17:02:26.874 [Test worker] DEBUG o.s.t.annotation.ProfileValueUtils - Retrieved ProfileValueSource type [class org.springframework.test.annotation.SystemProfileValueSource] for class [com.projectx.rest.repository.CustomerQuickRegisterRepositoryTest]
17:02:26.877 [Test worker] DEBUG o.s.t.annotation.ProfileValueUtils - Retrieved @ProfileValueSourceConfiguration [null] for test class [com.projectx.rest.repository.CustomerQuickRegisterRepositoryTest]
17:02:26.877 [Test worker] DEBUG o.s.t.annotation.ProfileValueUtils - Retrieved ProfileValueSource type [class org.springframework.test.annotation.SystemProfileValueSource] for class [com.projectx.rest.repository.CustomerQuickRegisterRepositoryTest]
17:02:26.884 [Test worker] DEBUG o.s.t.c.s.DependencyInjectionTestExecutionListener - Performing dependency injection for test context [[DefaultTestContext@185555c testClass = CustomerQuickRegisterRepositoryTest, testInstance = com.projectx.rest.repository.CustomerQuickRegisterRepositoryTest@a71b2e, testMethod = [null], testException = [null], mergedContextConfiguration = [MergedContextConfiguration@e99fb6 testClass = CustomerQuickRegisterRepositoryTest, locations = '{}', classes = '{class com.projectx.rest.config.Application}', contextInitializerClasses = '[]', activeProfiles = '{Test}', contextLoader = 'org.springframework.boot.test.SpringApplicationContextLoader', parent = [null]]]].
17:02:27.015 [Test worker] DEBUG o.s.core.env.StandardEnvironment - Adding [systemProperties] PropertySource with lowest search precedence
17:02:27.018 [Test worker] DEBUG o.s.core.env.StandardEnvironment - Adding [systemEnvironment] PropertySource with lowest search precedence
17:02:27.018 [Test worker] DEBUG o.s.core.env.StandardEnvironment - Initialized StandardEnvironment with PropertySources [systemProperties,systemEnvironment]
17:02:27.020 [Test worker] DEBUG o.s.core.env.StandardEnvironment - Adding [integrationTest] PropertySource with search precedence immediately lower than [systemEnvironment]

  .   ____          _            __ _ _
 /\\ / ___'_ __ _ _(_)_ __  __ _ \ \ \ \
( ( )\___ | '_ | '_| | '_ \/ _` | \ \ \ \
 \\/  ___)| |_)| | | | | || (_| |  ) ) ) )
  '  |____| .__|_| |_|_| |_\__, | / / / /
 =========|_|==============|___/=/_/_/_/
 :: Spring Boot ::        (v1.1.5.RELEASE)

2014-09-19 17:02:27.829  INFO 16188 --- [    Test worker] o.s.boot.SpringApplication               : Starting application on dinesh with PID 16188 (/home/dinesh/.m2/repository/org/springframework/boot/spring-boot/1.1.5.RELEASE/spring-boot-1.1.5.RELEASE.jar started by dinesh in /home/dinesh/NewWorkspace/RestEvent)
2014-09-19 17:02:27.938  INFO 16188 --- [    Test worker] s.c.a.AnnotationConfigApplicationContext : Refreshing org.springframework.context.annotation.AnnotationConfigApplicationContext@f3424a: startup date [Fri Sep 19 17:02:27 IST 2014]; root of context hierarchy
2014-09-19 17:02:30.428  INFO 16188 --- [    Test worker] o.s.boot.SpringApplication               : Started application in 3.406 seconds (JVM running for 7.088)
]]></system-out>
  <system-err><![CDATA[]]></system-err>
</testsuite>
