<?xml version="1.0" encoding="UTF-8"?>
<testsuite name="com.projectx.rest.repository.CustomerQuickRegisterRepositoryTest" tests="11" failures="0" errors="0" timestamp="2014-09-26T19:07:13" hostname="dinesh" time="3.007">
  <properties/>
  <testcase name="findByCustomerIdWithEmailMobileCustomer" classname="com.projectx.rest.repository.CustomerQuickRegisterRepositoryTest" time="2.978"/>
  <testcase name="verifyEmailHash" classname="com.projectx.rest.repository.CustomerQuickRegisterRepositoryTest" time="0.001"/>
  <testcase name="updateEmailHash" classname="com.projectx.rest.repository.CustomerQuickRegisterRepositoryTest" time="0.0"/>
  <testcase name="countByEmailMobileNewEmailCustomer" classname="com.projectx.rest.repository.CustomerQuickRegisterRepositoryTest" time="0.001"/>
  <testcase name="countByEmailMobileNewEmailMobileCustomer" classname="com.projectx.rest.repository.CustomerQuickRegisterRepositoryTest" time="0.001"/>
  <testcase name="findAllWithEmailMobileCustomer" classname="com.projectx.rest.repository.CustomerQuickRegisterRepositoryTest" time="0.001"/>
  <testcase name="getStatusByCustomerIdWithEmailCustomer" classname="com.projectx.rest.repository.CustomerQuickRegisterRepositoryTest" time="0.0"/>
  <testcase name="countByEmailMobileNewMobileCustomer" classname="com.projectx.rest.repository.CustomerQuickRegisterRepositoryTest" time="0.001"/>
  <testcase name="verifyMobilePin" classname="com.projectx.rest.repository.CustomerQuickRegisterRepositoryTest" time="0.001"/>
  <testcase name="updateStatusByCustomerId" classname="com.projectx.rest.repository.CustomerQuickRegisterRepositoryTest" time="0.0"/>
  <testcase name="updateMobilePin" classname="com.projectx.rest.repository.CustomerQuickRegisterRepositoryTest" time="0.001"/>
  <system-out><![CDATA[00:37:12.888 [Test worker] DEBUG o.s.t.c.j.SpringJUnit4ClassRunner - SpringJUnit4ClassRunner constructor called with [class com.projectx.rest.repository.CustomerQuickRegisterRepositoryTest].
00:37:13.021 [Test worker] DEBUG o.s.test.context.ContextLoaderUtils - Found explicit ContextLoader class [org.springframework.boot.test.SpringApplicationContextLoader] for context configuration attributes [ContextConfigurationAttributes@e71b2c declaringClass = 'com.projectx.rest.repository.CustomerQuickRegisterRepositoryTest', locations = '{}', classes = '{class com.projectx.rest.config.Application}', inheritLocations = true, initializers = '{}', inheritInitializers = true, name = [null], contextLoaderClass = 'org.springframework.boot.test.SpringApplicationContextLoader']
00:37:13.036 [Test worker] DEBUG o.s.test.context.TestContextManager - @TestExecutionListeners is not present for class [com.projectx.rest.repository.CustomerQuickRegisterRepositoryTest]: using defaults.
00:37:13.044 [Test worker] INFO  o.s.test.context.TestContextManager - Could not instantiate TestExecutionListener [org.springframework.test.context.transaction.TransactionalTestExecutionListener]. Specify custom listener classes or make the default listener classes (and their required dependencies) available. Offending class: [org/springframework/transaction/interceptor/TransactionAttribute]
00:37:13.047 [Test worker] DEBUG o.s.t.annotation.ProfileValueUtils - Retrieved @ProfileValueSourceConfiguration [null] for test class [com.projectx.rest.repository.CustomerQuickRegisterRepositoryTest]
00:37:13.048 [Test worker] DEBUG o.s.t.annotation.ProfileValueUtils - Retrieved ProfileValueSource type [class org.springframework.test.annotation.SystemProfileValueSource] for class [com.projectx.rest.repository.CustomerQuickRegisterRepositoryTest]
00:37:13.051 [Test worker] DEBUG o.s.t.annotation.ProfileValueUtils - Retrieved @ProfileValueSourceConfiguration [null] for test class [com.projectx.rest.repository.CustomerQuickRegisterRepositoryTest]
00:37:13.052 [Test worker] DEBUG o.s.t.annotation.ProfileValueUtils - Retrieved ProfileValueSource type [class org.springframework.test.annotation.SystemProfileValueSource] for class [com.projectx.rest.repository.CustomerQuickRegisterRepositoryTest]
00:37:13.053 [Test worker] DEBUG o.s.t.annotation.ProfileValueUtils - Retrieved @ProfileValueSourceConfiguration [null] for test class [com.projectx.rest.repository.CustomerQuickRegisterRepositoryTest]
00:37:13.054 [Test worker] DEBUG o.s.t.annotation.ProfileValueUtils - Retrieved ProfileValueSource type [class org.springframework.test.annotation.SystemProfileValueSource] for class [com.projectx.rest.repository.CustomerQuickRegisterRepositoryTest]
00:37:13.057 [Test worker] DEBUG o.s.t.annotation.ProfileValueUtils - Retrieved @ProfileValueSourceConfiguration [null] for test class [com.projectx.rest.repository.CustomerQuickRegisterRepositoryTest]
00:37:13.057 [Test worker] DEBUG o.s.t.annotation.ProfileValueUtils - Retrieved ProfileValueSource type [class org.springframework.test.annotation.SystemProfileValueSource] for class [com.projectx.rest.repository.CustomerQuickRegisterRepositoryTest]
00:37:13.066 [Test worker] DEBUG o.s.t.c.s.DependencyInjectionTestExecutionListener - Performing dependency injection for test context [[DefaultTestContext@185a2a8 testClass = CustomerQuickRegisterRepositoryTest, testInstance = com.projectx.rest.repository.CustomerQuickRegisterRepositoryTest@79cc94, testMethod = [null], testException = [null], mergedContextConfiguration = [MergedContextConfiguration@6637fa testClass = CustomerQuickRegisterRepositoryTest, locations = '{}', classes = '{class com.projectx.rest.config.Application}', contextInitializerClasses = '[]', activeProfiles = '{Test}', contextLoader = 'org.springframework.boot.test.SpringApplicationContextLoader', parent = [null]]]].
00:37:13.201 [Test worker] DEBUG o.s.core.env.StandardEnvironment - Adding [systemProperties] PropertySource with lowest search precedence
00:37:13.204 [Test worker] DEBUG o.s.core.env.StandardEnvironment - Adding [systemEnvironment] PropertySource with lowest search precedence
00:37:13.205 [Test worker] DEBUG o.s.core.env.StandardEnvironment - Initialized StandardEnvironment with PropertySources [systemProperties,systemEnvironment]
00:37:13.207 [Test worker] DEBUG o.s.core.env.StandardEnvironment - Adding [integrationTest] PropertySource with search precedence immediately lower than [systemEnvironment]

  .   ____          _            __ _ _
 /\\ / ___'_ __ _ _(_)_ __  __ _ \ \ \ \
( ( )\___ | '_ | '_| | '_ \/ _` | \ \ \ \
 \\/  ___)| |_)| | | | | || (_| |  ) ) ) )
  '  |____| .__|_| |_|_| |_\__, | / / / /
 =========|_|==============|___/=/_/_/_/
 :: Spring Boot ::        (v1.1.5.RELEASE)

2014-09-27 00:37:14.056  INFO 15389 --- [    Test worker] o.s.boot.SpringApplication               : Starting application on dinesh with PID 15389 (/home/dinesh/.m2/repository/org/springframework/boot/spring-boot/1.1.5.RELEASE/spring-boot-1.1.5.RELEASE.jar started by dinesh in /home/dinesh/NewWorkspace/RestEvent)
2014-09-27 00:37:14.099  INFO 15389 --- [    Test worker] s.c.a.AnnotationConfigApplicationContext : Refreshing org.springframework.context.annotation.AnnotationConfigApplicationContext@1891328: startup date [Sat Sep 27 00:37:14 IST 2014]; root of context hierarchy
2014-09-27 00:37:15.992  INFO 15389 --- [    Test worker] o.s.boot.SpringApplication               : Started application in 2.782 seconds (JVM running for 7.606)
CustomerQuickRegisterEntity [customerId=212, firstName=dinesh, lastName=shende, email=dineshshe@gmail.com, mobile=9960821869, pin=413133, status=EmailMobileVerificationPending, mobilePin=101010, emailHash=1010101010]
]]></system-out>
  <system-err><![CDATA[]]></system-err>
</testsuite>
