<?xml version="1.0" encoding="UTF-8"?>
<testsuite name="com.projectx.rest.controller.EmailControllerIntergrationTest" tests="1" failures="0" errors="0" timestamp="2014-09-27T10:35:34" hostname="dinesh" time="3.707">
  <properties/>
  <testcase name="thatEmailAddedSucessfully" classname="com.projectx.rest.controller.EmailControllerIntergrationTest" time="3.707"/>
  <system-out><![CDATA[2014-09-27 16:05:34.576  INFO 5897 --- [    Test worker] o.s.test.context.TestContextManager      : Could not instantiate TestExecutionListener [org.springframework.test.context.transaction.TransactionalTestExecutionListener]. Specify custom listener classes or make the default listener classes (and their required dependencies) available. Offending class: [org/springframework/transaction/interceptor/TransactionAttribute]

  .   ____          _            __ _ _
 /\\ / ___'_ __ _ _(_)_ __  __ _ \ \ \ \
( ( )\___ | '_ | '_| | '_ \/ _` | \ \ \ \
 \\/  ___)| |_)| | | | | || (_| |  ) ) ) )
  '  |____| .__|_| |_|_| |_\__, | / / / /
 =========|_|==============|___/=/_/_/_/
 :: Spring Boot ::        (v1.1.5.RELEASE)

2014-09-27 16:05:34.801  INFO 5897 --- [    Test worker] o.s.boot.SpringApplication               : Starting application on dinesh with PID 5897 (/home/dinesh/.m2/repository/org/springframework/boot/spring-boot/1.1.5.RELEASE/spring-boot-1.1.5.RELEASE.jar started by dinesh in /home/dinesh/NewWorkspace/RestEvent)
2014-09-27 16:05:34.803  INFO 5897 --- [    Test worker] o.s.w.c.s.GenericWebApplicationContext   : Refreshing org.springframework.web.context.support.GenericWebApplicationContext@1940478: startup date [Sat Sep 27 16:05:34 IST 2014]; root of context hierarchy
2014-09-27 16:05:35.219  INFO 5897 --- [    Test worker] o.s.b.f.s.DefaultListableBeanFactory     : Overriding bean definition for bean 'beanNameViewResolver': replacing [Root bean: class [null]; scope=; abstract=false; lazyInit=false; autowireMode=3; dependencyCheck=0; autowireCandidate=true; primary=false; factoryBeanName=org.springframework.boot.autoconfigure.web.ErrorMvcAutoConfiguration$WhitelabelErrorViewConfiguration; factoryMethodName=beanNameViewResolver; initMethodName=null; destroyMethodName=(inferred); defined in class path resource [org/springframework/boot/autoconfigure/web/ErrorMvcAutoConfiguration$WhitelabelErrorViewConfiguration.class]] with [Root bean: class [null]; scope=; abstract=false; lazyInit=false; autowireMode=3; dependencyCheck=0; autowireCandidate=true; primary=false; factoryBeanName=org.springframework.boot.autoconfigure.web.WebMvcAutoConfiguration$WebMvcAutoConfigurationAdapter; factoryMethodName=beanNameViewResolver; initMethodName=null; destroyMethodName=(inferred); defined in class path resource [org/springframework/boot/autoconfigure/web/WebMvcAutoConfiguration$WebMvcAutoConfigurationAdapter.class]]
2014-09-27 16:05:35.305  INFO 5897 --- [    Test worker] o.s.b.f.s.DefaultListableBeanFactory     : Overriding bean definition for bean 'entityLinksPluginRegistry': replacing [Root bean: class [org.springframework.plugin.core.support.PluginRegistryFactoryBean]; scope=; abstract=false; lazyInit=false; autowireMode=0; dependencyCheck=0; autowireCandidate=true; primary=false; factoryBeanName=null; factoryMethodName=null; initMethodName=null; destroyMethodName=null] with [Root bean: class [org.springframework.plugin.core.support.PluginRegistryFactoryBean]; scope=; abstract=false; lazyInit=false; autowireMode=0; dependencyCheck=0; autowireCandidate=true; primary=false; factoryBeanName=null; factoryMethodName=null; initMethodName=null; destroyMethodName=null]
2014-09-27 16:05:35.306  INFO 5897 --- [    Test worker] o.s.b.f.s.DefaultListableBeanFactory     : Overriding bean definition for bean 'controllerEntityLinks': replacing [Root bean: class [org.springframework.hateoas.core.ControllerEntityLinksFactoryBean]; scope=; abstract=false; lazyInit=false; autowireMode=0; dependencyCheck=0; autowireCandidate=true; primary=false; factoryBeanName=null; factoryMethodName=null; initMethodName=null; destroyMethodName=null] with [Root bean: class [org.springframework.hateoas.core.ControllerEntityLinksFactoryBean]; scope=; abstract=false; lazyInit=false; autowireMode=0; dependencyCheck=0; autowireCandidate=true; primary=false; factoryBeanName=null; factoryMethodName=null; initMethodName=null; destroyMethodName=null]
2014-09-27 16:05:35.307  INFO 5897 --- [    Test worker] o.s.b.f.s.DefaultListableBeanFactory     : Overriding bean definition for bean 'delegatingEntityLinks': replacing [Root bean: class [org.springframework.hateoas.core.DelegatingEntityLinks]; scope=; abstract=false; lazyInit=false; autowireMode=0; dependencyCheck=0; autowireCandidate=true; primary=true; factoryBeanName=null; factoryMethodName=null; initMethodName=null; destroyMethodName=null] with [Root bean: class [org.springframework.hateoas.core.DelegatingEntityLinks]; scope=; abstract=false; lazyInit=false; autowireMode=0; dependencyCheck=0; autowireCandidate=true; primary=true; factoryBeanName=null; factoryMethodName=null; initMethodName=null; destroyMethodName=null]
2014-09-27 16:05:37.416  INFO 5897 --- [    Test worker] o.s.w.s.handler.SimpleUrlHandlerMapping  : Mapped URL path [/**/favicon.ico] onto handler of type [class org.springframework.web.servlet.resource.ResourceHttpRequestHandler]
2014-09-27 16:05:37.571  INFO 5897 --- [    Test worker] s.w.s.m.m.a.RequestMappingHandlerMapping : Mapped "{[/email/checkemail],methods=[POST],params=[],headers=[],consumes=[],produces=[],custom=[]}" onto public com.projectx.rest.domain.Email com.projectx.rest.controller.EmailController.redirectEmail(com.projectx.rest.domain.Email)
2014-09-27 16:05:37.571  INFO 5897 --- [    Test worker] s.w.s.m.m.a.RequestMappingHandlerMapping : Mapped "{[/email/addemail],methods=[POST],params=[],headers=[],consumes=[],produces=[],custom=[]}" onto public org.springframework.http.ResponseEntity<com.projectx.rest.domain.Email> com.projectx.rest.controller.EmailController.addEmail(com.projectx.rest.domain.Email,org.springframework.web.util.UriComponentsBuilder) throws java.lang.Exception
2014-09-27 16:05:37.579  INFO 5897 --- [    Test worker] s.w.s.m.m.a.RequestMappingHandlerMapping : Mapped "{[/customer/quickregister/updateEmailHash],methods=[POST],params=[],headers=[],consumes=[],produces=[],custom=[]}" onto public java.lang.Integer com.projectx.rest.controller.CustomerQuickRegisterController.updateEmailHash(com.projectx.data.domain.UpdateEmailHashDTO)
2014-09-27 16:05:37.580  INFO 5897 --- [    Test worker] s.w.s.m.m.a.RequestMappingHandlerMapping : Mapped "{[/customer/quickregister/updateMobilePin],methods=[POST],params=[],headers=[],consumes=[],produces=[],custom=[]}" onto public java.lang.Integer com.projectx.rest.controller.CustomerQuickRegisterController.updateMobilePin(com.projectx.data.domain.UpdateMobilePinDTO)
2014-09-27 16:05:37.580  INFO 5897 --- [    Test worker] s.w.s.m.m.a.RequestMappingHandlerMapping : Mapped "{[/customer/quickregister/verifyEmailHash],methods=[POST],params=[],headers=[],consumes=[],produces=[],custom=[]}" onto public java.lang.Boolean com.projectx.rest.controller.CustomerQuickRegisterController.verifyEmailHash(com.projectx.data.domain.VerifyEmailHashDTO)
2014-09-27 16:05:37.580  INFO 5897 --- [    Test worker] s.w.s.m.m.a.RequestMappingHandlerMapping : Mapped "{[/customer/quickregister/verifyMobilePin],methods=[POST],params=[],headers=[],consumes=[],produces=[],custom=[]}" onto public java.lang.Boolean com.projectx.rest.controller.CustomerQuickRegisterController.verifyMobilePin(com.projectx.data.domain.VerifyMobilePinDTO)
2014-09-27 16:05:37.581  INFO 5897 --- [    Test worker] s.w.s.m.m.a.RequestMappingHandlerMapping : Mapped "{[/customer/quickregister/getByCustomerId],methods=[POST],params=[],headers=[],consumes=[],produces=[],custom=[]}" onto public com.projectx.rest.domain.CustomerQuickRegisterEntity com.projectx.rest.controller.CustomerQuickRegisterController.getCustomerByCustomerId(com.projectx.web.domain.GetByCustomerIdDTO)
2014-09-27 16:05:37.581  INFO 5897 --- [    Test worker] s.w.s.m.m.a.RequestMappingHandlerMapping : Mapped "{[/customer/quickregister/cleartestdata],methods=[],params=[],headers=[],consumes=[],produces=[],custom=[]}" onto public void com.projectx.rest.controller.CustomerQuickRegisterController.clearTestData()
2014-09-27 16:05:37.581  INFO 5897 --- [    Test worker] s.w.s.m.m.a.RequestMappingHandlerMapping : Mapped "{[/customer/quickregister],methods=[POST],params=[],headers=[],consumes=[],produces=[],custom=[]}" onto public com.projectx.rest.domain.CustomerQuickRegisterEntity com.projectx.rest.controller.CustomerQuickRegisterController.addNewCustomerQuickRegister(com.projectx.web.domain.CustomerQuickRegisterEntityDTO) throws java.lang.Exception
2014-09-27 16:05:37.581  INFO 5897 --- [    Test worker] s.w.s.m.m.a.RequestMappingHandlerMapping : Mapped "{[/customer/quickregister/checkifexist],methods=[POST],params=[],headers=[],consumes=[],produces=[],custom=[]}" onto public java.lang.String com.projectx.rest.controller.CustomerQuickRegisterController.checkIfCustomerAlreadyExist(com.projectx.web.domain.CustomerQuickRegisterEntityDTO) throws java.lang.Exception
2014-09-27 16:05:37.592  INFO 5897 --- [    Test worker] s.w.s.m.m.a.RequestMappingHandlerMapping : Mapped "{[/error],methods=[],params=[],headers=[],consumes=[],produces=[text/html],custom=[]}" onto public org.springframework.web.servlet.ModelAndView org.springframework.boot.autoconfigure.web.BasicErrorController.errorHtml(javax.servlet.http.HttpServletRequest)
2014-09-27 16:05:37.592  INFO 5897 --- [    Test worker] s.w.s.m.m.a.RequestMappingHandlerMapping : Mapped "{[/error],methods=[],params=[],headers=[],consumes=[],produces=[],custom=[]}" onto public org.springframework.http.ResponseEntity<java.util.Map<java.lang.String, java.lang.Object>> org.springframework.boot.autoconfigure.web.BasicErrorController.error(javax.servlet.http.HttpServletRequest)
2014-09-27 16:05:37.635  INFO 5897 --- [    Test worker] o.s.w.s.handler.SimpleUrlHandlerMapping  : Mapped URL path [/**] onto handler of type [class org.springframework.web.servlet.resource.ResourceHttpRequestHandler]
2014-09-27 16:05:37.635  INFO 5897 --- [    Test worker] o.s.w.s.handler.SimpleUrlHandlerMapping  : Mapped URL path [/webjars/**] onto handler of type [class org.springframework.web.servlet.resource.ResourceHttpRequestHandler]
2014-09-27 16:05:38.135  INFO 5897 --- [    Test worker] o.s.boot.SpringApplication               : Started application in 3.506 seconds (JVM running for 27.83)
2014-09-27 16:05:38.186  INFO 5897 --- [    Test worker] o.s.mock.web.MockServletContext          : Initializing Spring FrameworkServlet ''
2014-09-27 16:05:38.187  INFO 5897 --- [    Test worker] o.s.t.web.servlet.TestDispatcherServlet  : FrameworkServlet '': initialization started
2014-09-27 16:05:38.222  INFO 5897 --- [    Test worker] o.s.t.web.servlet.TestDispatcherServlet  : FrameworkServlet '': initialization completed in 35 ms
null

MockHttpServletRequest:
         HTTP Method = POST
         Request URI = /email/checkemail
          Parameters = {}
             Headers = {Content-Type=[application/json], Accept=[application/json]}

             Handler:
                Type = com.projectx.rest.controller.EmailController
              Method = public com.projectx.rest.domain.Email com.projectx.rest.controller.EmailController.redirectEmail(com.projectx.rest.domain.Email)

               Async:
   Was async started = false
        Async result = null

  Resolved Exception:
                Type = null

        ModelAndView:
           View name = email/checkemail
                View = null
           Attribute = email
               value = Email [email=null, name=dinesh, message=null]
              errors = []

            FlashMap:

MockHttpServletResponse:
              Status = 200
       Error message = null
             Headers = {}
        Content type = null
                Body = 
       Forwarded URL = email/checkemail
      Redirected URL = null
             Cookies = []
]]></system-out>
  <system-err><![CDATA[]]></system-err>
</testsuite>
