<?xml version="1.0" encoding="UTF-8"?>
<testsuite name="com.projectx.rest.controller.EmailStandAloneControllerTest" tests="1" failures="0" errors="0" timestamp="2014-09-27T10:35:40" hostname="dinesh" time="0.057">
  <properties/>
  <testcase name="thatEmailAddedSucessfully" classname="com.projectx.rest.controller.EmailStandAloneControllerTest" time="0.057"/>
  <system-out><![CDATA[2014-09-27 16:05:40.364  INFO 5897 --- [    Test worker] ilder$StaticRequestMappingHandlerMapping : Mapped "{[/email/checkemail],methods=[POST],params=[],headers=[],consumes=[],produces=[],custom=[]}" onto public com.projectx.rest.domain.Email com.projectx.rest.controller.EmailController.redirectEmail(com.projectx.rest.domain.Email)
2014-09-27 16:05:40.364  INFO 5897 --- [    Test worker] ilder$StaticRequestMappingHandlerMapping : Mapped "{[/email/addemail],methods=[POST],params=[],headers=[],consumes=[],produces=[],custom=[]}" onto public org.springframework.http.ResponseEntity<com.projectx.rest.domain.Email> com.projectx.rest.controller.EmailController.addEmail(com.projectx.rest.domain.Email,org.springframework.web.util.UriComponentsBuilder) throws java.lang.Exception
2014-09-27 16:05:40.391  INFO 5897 --- [    Test worker] o.s.mock.web.MockServletContext          : Initializing Spring FrameworkServlet ''
2014-09-27 16:05:40.392  INFO 5897 --- [    Test worker] o.s.t.web.servlet.TestDispatcherServlet  : FrameworkServlet '': initialization started
2014-09-27 16:05:40.393  INFO 5897 --- [    Test worker] o.s.t.web.servlet.TestDispatcherServlet  : FrameworkServlet '': initialization completed in 0 ms
In controller:Email [email=dineshshe@gmail.com, name=dinesh, message=null]:newemailEmail [email=dineshshe@gmail.com, name=dinesh, message=null]

MockHttpServletRequest:
         HTTP Method = POST
         Request URI = /email/addemail
          Parameters = {}
             Headers = {Content-Type=[application/json], Accept=[application/json]}

             Handler:
                Type = com.projectx.rest.controller.EmailController
              Method = public org.springframework.http.ResponseEntity<com.projectx.rest.domain.Email> com.projectx.rest.controller.EmailController.addEmail(com.projectx.rest.domain.Email,org.springframework.web.util.UriComponentsBuilder) throws java.lang.Exception

               Async:
   Was async started = false
        Async result = null

  Resolved Exception:
                Type = null

        ModelAndView:
           View name = null
                View = null
               Model = null

            FlashMap:

MockHttpServletResponse:
              Status = 201
       Error message = null
             Headers = {Location=[http://localhost/customer/email/dineshshe@gmail.com], Content-Type=[application/json;charset=UTF-8]}
        Content type = application/json;charset=UTF-8
                Body = {"email":"dineshshe@gmail.com","name":"dinesh","message":null}
       Forwarded URL = null
      Redirected URL = http://localhost/customer/email/dineshshe@gmail.com
             Cookies = []
]]></system-out>
  <system-err><![CDATA[]]></system-err>
</testsuite>
