<?xml version="1.0" encoding="UTF-8"?>
<testsuite name="com.projectx.rest.controller.CustomerQuickRegisterControllerIntergrationTest" tests="2" failures="0" errors="0" timestamp="2014-09-19T11:32:31" hostname="dinesh" time="5.644">
  <properties/>
  <testcase name="thatAddEmailPassesLocationHeader" classname="com.projectx.rest.controller.CustomerQuickRegisterControllerIntergrationTest" time="5.494"/>
  <testcase name="thatEmailAddedSucessfully" classname="com.projectx.rest.controller.CustomerQuickRegisterControllerIntergrationTest" time="0.149"/>
  <system-out><![CDATA[2014-09-19 17:02:31.983  INFO 16188 --- [    Test worker] o.s.test.context.TestContextManager      : Could not instantiate TestExecutionListener [org.springframework.test.context.transaction.TransactionalTestExecutionListener]. Specify custom listener classes or make the default listener classes (and their required dependencies) available. Offending class: [org/springframework/transaction/interceptor/TransactionAttribute]

  .   ____          _            __ _ _
 /\\ / ___'_ __ _ _(_)_ __  __ _ \ \ \ \
( ( )\___ | '_ | '_| | '_ \/ _` | \ \ \ \
 \\/  ___)| |_)| | | | | || (_| |  ) ) ) )
  '  |____| .__|_| |_|_| |_\__, | / / / /
 =========|_|==============|___/=/_/_/_/
 :: Spring Boot ::        (v1.1.5.RELEASE)

2014-09-19 17:02:32.585  INFO 16188 --- [    Test worker] o.s.boot.SpringApplication               : Starting application on dinesh with PID 16188 (/home/dinesh/.m2/repository/org/springframework/boot/spring-boot/1.1.5.RELEASE/spring-boot-1.1.5.RELEASE.jar started by dinesh in /home/dinesh/NewWorkspace/RestEvent)
2014-09-19 17:02:32.588  INFO 16188 --- [    Test worker] o.s.w.c.s.GenericWebApplicationContext   : Refreshing org.springframework.web.context.support.GenericWebApplicationContext@a80cee: startup date [Fri Sep 19 17:02:32 IST 2014]; root of context hierarchy
2014-09-19 17:02:33.193  INFO 16188 --- [    Test worker] o.s.b.f.s.DefaultListableBeanFactory     : Overriding bean definition for bean 'beanNameViewResolver': replacing [Root bean: class [null]; scope=; abstract=false; lazyInit=false; autowireMode=3; dependencyCheck=0; autowireCandidate=true; primary=false; factoryBeanName=org.springframework.boot.autoconfigure.web.ErrorMvcAutoConfiguration$WhitelabelErrorViewConfiguration; factoryMethodName=beanNameViewResolver; initMethodName=null; destroyMethodName=(inferred); defined in class path resource [org/springframework/boot/autoconfigure/web/ErrorMvcAutoConfiguration$WhitelabelErrorViewConfiguration.class]] with [Root bean: class [null]; scope=; abstract=false; lazyInit=false; autowireMode=3; dependencyCheck=0; autowireCandidate=true; primary=false; factoryBeanName=org.springframework.boot.autoconfigure.web.WebMvcAutoConfiguration$WebMvcAutoConfigurationAdapter; factoryMethodName=beanNameViewResolver; initMethodName=null; destroyMethodName=(inferred); defined in class path resource [org/springframework/boot/autoconfigure/web/WebMvcAutoConfiguration$WebMvcAutoConfigurationAdapter.class]]
2014-09-19 17:02:33.738  INFO 16188 --- [    Test worker] o.s.b.f.s.DefaultListableBeanFactory     : Overriding bean definition for bean 'entityLinksPluginRegistry': replacing [Root bean: class [org.springframework.plugin.core.support.PluginRegistryFactoryBean]; scope=; abstract=false; lazyInit=false; autowireMode=0; dependencyCheck=0; autowireCandidate=true; primary=false; factoryBeanName=null; factoryMethodName=null; initMethodName=null; destroyMethodName=null] with [Root bean: class [org.springframework.plugin.core.support.PluginRegistryFactoryBean]; scope=; abstract=false; lazyInit=false; autowireMode=0; dependencyCheck=0; autowireCandidate=true; primary=false; factoryBeanName=null; factoryMethodName=null; initMethodName=null; destroyMethodName=null]
2014-09-19 17:02:33.739  INFO 16188 --- [    Test worker] o.s.b.f.s.DefaultListableBeanFactory     : Overriding bean definition for bean 'controllerEntityLinks': replacing [Root bean: class [org.springframework.hateoas.core.ControllerEntityLinksFactoryBean]; scope=; abstract=false; lazyInit=false; autowireMode=0; dependencyCheck=0; autowireCandidate=true; primary=false; factoryBeanName=null; factoryMethodName=null; initMethodName=null; destroyMethodName=null] with [Root bean: class [org.springframework.hateoas.core.ControllerEntityLinksFactoryBean]; scope=; abstract=false; lazyInit=false; autowireMode=0; dependencyCheck=0; autowireCandidate=true; primary=false; factoryBeanName=null; factoryMethodName=null; initMethodName=null; destroyMethodName=null]
2014-09-19 17:02:33.740  INFO 16188 --- [    Test worker] o.s.b.f.s.DefaultListableBeanFactory     : Overriding bean definition for bean 'delegatingEntityLinks': replacing [Root bean: class [org.springframework.hateoas.core.DelegatingEntityLinks]; scope=; abstract=false; lazyInit=false; autowireMode=0; dependencyCheck=0; autowireCandidate=true; primary=true; factoryBeanName=null; factoryMethodName=null; initMethodName=null; destroyMethodName=null] with [Root bean: class [org.springframework.hateoas.core.DelegatingEntityLinks]; scope=; abstract=false; lazyInit=false; autowireMode=0; dependencyCheck=0; autowireCandidate=true; primary=true; factoryBeanName=null; factoryMethodName=null; initMethodName=null; destroyMethodName=null]
2014-09-19 17:02:36.355  INFO 16188 --- [    Test worker] o.s.w.s.handler.SimpleUrlHandlerMapping  : Mapped URL path [/**/favicon.ico] onto handler of type [class org.springframework.web.servlet.resource.ResourceHttpRequestHandler]
2014-09-19 17:02:36.465  INFO 16188 --- [    Test worker] s.w.s.m.m.a.RequestMappingHandlerMapping : Mapped "{[/email/addemail],methods=[POST],params=[],headers=[],consumes=[],produces=[],custom=[]}" onto public org.springframework.http.ResponseEntity<com.projectx.rest.domain.Email> com.projectx.rest.controller.EmailController.addEmail(com.projectx.rest.domain.Email,org.springframework.web.util.UriComponentsBuilder) throws java.lang.Exception
2014-09-19 17:02:36.467  INFO 16188 --- [    Test worker] s.w.s.m.m.a.RequestMappingHandlerMapping : Mapped "{[/customer/quickregister],methods=[POST],params=[],headers=[],consumes=[],produces=[],custom=[]}" onto public java.lang.String com.projectx.rest.controller.CustomerQuickRegisterController.addNewCustomerQuickRegister(com.projectx.web.domain.CustomerQuickRegisterEntityDTO) throws java.lang.Exception
2014-09-19 17:02:36.471  INFO 16188 --- [    Test worker] s.w.s.m.m.a.RequestMappingHandlerMapping : Mapped "{[/error],methods=[],params=[],headers=[],consumes=[],produces=[text/html],custom=[]}" onto public org.springframework.web.servlet.ModelAndView org.springframework.boot.autoconfigure.web.BasicErrorController.errorHtml(javax.servlet.http.HttpServletRequest)
2014-09-19 17:02:36.472  INFO 16188 --- [    Test worker] s.w.s.m.m.a.RequestMappingHandlerMapping : Mapped "{[/error],methods=[],params=[],headers=[],consumes=[],produces=[],custom=[]}" onto public org.springframework.http.ResponseEntity<java.util.Map<java.lang.String, java.lang.Object>> org.springframework.boot.autoconfigure.web.BasicErrorController.error(javax.servlet.http.HttpServletRequest)
2014-09-19 17:02:36.495  INFO 16188 --- [    Test worker] o.s.w.s.handler.SimpleUrlHandlerMapping  : Mapped URL path [/**] onto handler of type [class org.springframework.web.servlet.resource.ResourceHttpRequestHandler]
2014-09-19 17:02:36.501  INFO 16188 --- [    Test worker] o.s.w.s.handler.SimpleUrlHandlerMapping  : Mapped URL path [/webjars/**] onto handler of type [class org.springframework.web.servlet.resource.ResourceHttpRequestHandler]
2014-09-19 17:02:37.005  INFO 16188 --- [    Test worker] o.s.boot.SpringApplication               : Started application in 4.914 seconds (JVM running for 13.665)
2014-09-19 17:02:37.014  INFO 16188 --- [    Test worker] o.s.mock.web.MockServletContext          : Initializing Spring FrameworkServlet ''
2014-09-19 17:02:37.014  INFO 16188 --- [    Test worker] o.s.t.web.servlet.TestDispatcherServlet  : FrameworkServlet '': initialization started
2014-09-19 17:02:37.040  INFO 16188 --- [    Test worker] o.s.t.web.servlet.TestDispatcherServlet  : FrameworkServlet '': initialization completed in 25 ms
In controller:Email [email=dineshshe@gmail.com, name=dinesh, message=Email added Sucessfully]:newemailEmail [email=dineshshe@gmail.com, name=dinesh, message=Email added Sucessfully]
2014-09-19 17:02:37.481  INFO 16188 --- [    Test worker] o.s.mock.web.MockServletContext          : Initializing Spring FrameworkServlet ''
2014-09-19 17:02:37.481  INFO 16188 --- [    Test worker] o.s.t.web.servlet.TestDispatcherServlet  : FrameworkServlet '': initialization started
2014-09-19 17:02:37.483  INFO 16188 --- [    Test worker] o.s.t.web.servlet.TestDispatcherServlet  : FrameworkServlet '': initialization completed in 1 ms
In controller:Email [email=dineshshe@gmail.com, name=dinesh, message=Email already Existed]:newemailEmail [email=dineshshe@gmail.com, name=dinesh, message=Email already Existed]

MockHttpServletRequest:
         HTTP Method = POST
         Request URI = /email/addemail
          Parameters = {}
             Headers = {Content-Type=[application/json], Accept=[application/json]}

             Handler:
                Type = com.projectx.rest.controller.EmailController
              Method = public org.springframework.http.ResponseEntity<com.projectx.rest.domain.Email> com.projectx.rest.controller.EmailController.addEmail(com.projectx.rest.domain.Email,org.springframework.web.util.UriComponentsBuilder) throws java.lang.Exception

               Async:
   Was async started = false
        Async result = null

  Resolved Exception:
                Type = null

        ModelAndView:
           View name = null
                View = null
               Model = null

            FlashMap:

MockHttpServletResponse:
              Status = 201
       Error message = null
             Headers = {Location=[http://localhost/customer/email/dineshshe@gmail.com], Content-Type=[application/json;charset=UTF-8]}
        Content type = application/json;charset=UTF-8
                Body = {"email":"dineshshe@gmail.com","name":"dinesh","message":"Email already Existed"}
       Forwarded URL = null
      Redirected URL = http://localhost/customer/email/dineshshe@gmail.com
             Cookies = []
]]></system-out>
  <system-err><![CDATA[]]></system-err>
</testsuite>
