<?xml version="1.0" encoding="UTF-8"?>
<testsuite name="com.projectx.rest.repository.CustomerQuickRegisterRepositoryTest" tests="11" failures="0" errors="0" timestamp="2014-09-27T10:35:20" hostname="dinesh" time="3.907">
  <properties/>
  <testcase name="findByCustomerIdWithEmailMobileCustomer" classname="com.projectx.rest.repository.CustomerQuickRegisterRepositoryTest" time="3.858"/>
  <testcase name="verifyEmailHash" classname="com.projectx.rest.repository.CustomerQuickRegisterRepositoryTest" time="0.001"/>
  <testcase name="updateEmailHash" classname="com.projectx.rest.repository.CustomerQuickRegisterRepositoryTest" time="0.001"/>
  <testcase name="countByEmailMobileNewEmailCustomer" classname="com.projectx.rest.repository.CustomerQuickRegisterRepositoryTest" time="0.001"/>
  <testcase name="countByEmailMobileNewEmailMobileCustomer" classname="com.projectx.rest.repository.CustomerQuickRegisterRepositoryTest" time="0.001"/>
  <testcase name="findAllWithEmailMobileCustomer" classname="com.projectx.rest.repository.CustomerQuickRegisterRepositoryTest" time="0.001"/>
  <testcase name="getStatusByCustomerIdWithEmailCustomer" classname="com.projectx.rest.repository.CustomerQuickRegisterRepositoryTest" time="0.008"/>
  <testcase name="countByEmailMobileNewMobileCustomer" classname="com.projectx.rest.repository.CustomerQuickRegisterRepositoryTest" time="0.001"/>
  <testcase name="verifyMobilePin" classname="com.projectx.rest.repository.CustomerQuickRegisterRepositoryTest" time="0.005"/>
  <testcase name="updateStatusByCustomerId" classname="com.projectx.rest.repository.CustomerQuickRegisterRepositoryTest" time="0.0"/>
  <testcase name="updateMobilePin" classname="com.projectx.rest.repository.CustomerQuickRegisterRepositoryTest" time="0.005"/>
  <system-out><![CDATA[16:05:20.068 [Test worker] DEBUG o.s.t.c.j.SpringJUnit4ClassRunner - SpringJUnit4ClassRunner constructor called with [class com.projectx.rest.repository.CustomerQuickRegisterRepositoryTest].
16:05:20.216 [Test worker] DEBUG o.s.test.context.ContextLoaderUtils - Found explicit ContextLoader class [org.springframework.boot.test.SpringApplicationContextLoader] for context configuration attributes [ContextConfigurationAttributes@1308ce5 declaringClass = 'com.projectx.rest.repository.CustomerQuickRegisterRepositoryTest', locations = '{}', classes = '{class com.projectx.rest.config.Application}', inheritLocations = true, initializers = '{}', inheritInitializers = true, name = [null], contextLoaderClass = 'org.springframework.boot.test.SpringApplicationContextLoader']
16:05:20.237 [Test worker] DEBUG o.s.test.context.TestContextManager - @TestExecutionListeners is not present for class [com.projectx.rest.repository.CustomerQuickRegisterRepositoryTest]: using defaults.
16:05:20.246 [Test worker] INFO  o.s.test.context.TestContextManager - Could not instantiate TestExecutionListener [org.springframework.test.context.transaction.TransactionalTestExecutionListener]. Specify custom listener classes or make the default listener classes (and their required dependencies) available. Offending class: [org/springframework/transaction/interceptor/TransactionAttribute]
16:05:20.251 [Test worker] DEBUG o.s.t.annotation.ProfileValueUtils - Retrieved @ProfileValueSourceConfiguration [null] for test class [com.projectx.rest.repository.CustomerQuickRegisterRepositoryTest]
16:05:20.252 [Test worker] DEBUG o.s.t.annotation.ProfileValueUtils - Retrieved ProfileValueSource type [class org.springframework.test.annotation.SystemProfileValueSource] for class [com.projectx.rest.repository.CustomerQuickRegisterRepositoryTest]
16:05:20.255 [Test worker] DEBUG o.s.t.annotation.ProfileValueUtils - Retrieved @ProfileValueSourceConfiguration [null] for test class [com.projectx.rest.repository.CustomerQuickRegisterRepositoryTest]
16:05:20.256 [Test worker] DEBUG o.s.t.annotation.ProfileValueUtils - Retrieved ProfileValueSource type [class org.springframework.test.annotation.SystemProfileValueSource] for class [com.projectx.rest.repository.CustomerQuickRegisterRepositoryTest]
16:05:20.257 [Test worker] DEBUG o.s.t.annotation.ProfileValueUtils - Retrieved @ProfileValueSourceConfiguration [null] for test class [com.projectx.rest.repository.CustomerQuickRegisterRepositoryTest]
16:05:20.257 [Test worker] DEBUG o.s.t.annotation.ProfileValueUtils - Retrieved ProfileValueSource type [class org.springframework.test.annotation.SystemProfileValueSource] for class [com.projectx.rest.repository.CustomerQuickRegisterRepositoryTest]
16:05:20.261 [Test worker] DEBUG o.s.t.annotation.ProfileValueUtils - Retrieved @ProfileValueSourceConfiguration [null] for test class [com.projectx.rest.repository.CustomerQuickRegisterRepositoryTest]
16:05:20.261 [Test worker] DEBUG o.s.t.annotation.ProfileValueUtils - Retrieved ProfileValueSource type [class org.springframework.test.annotation.SystemProfileValueSource] for class [com.projectx.rest.repository.CustomerQuickRegisterRepositoryTest]
16:05:20.266 [Test worker] DEBUG o.s.t.c.s.DependencyInjectionTestExecutionListener - Performing dependency injection for test context [[DefaultTestContext@1435faa testClass = CustomerQuickRegisterRepositoryTest, testInstance = com.projectx.rest.repository.CustomerQuickRegisterRepositoryTest@3dc5d6, testMethod = [null], testException = [null], mergedContextConfiguration = [MergedContextConfiguration@1877a44 testClass = CustomerQuickRegisterRepositoryTest, locations = '{}', classes = '{class com.projectx.rest.config.Application}', contextInitializerClasses = '[]', activeProfiles = '{Test}', contextLoader = 'org.springframework.boot.test.SpringApplicationContextLoader', parent = [null]]]].
16:05:20.496 [Test worker] DEBUG o.s.core.env.StandardEnvironment - Adding [systemProperties] PropertySource with lowest search precedence
16:05:20.503 [Test worker] DEBUG o.s.core.env.StandardEnvironment - Adding [systemEnvironment] PropertySource with lowest search precedence
16:05:20.507 [Test worker] DEBUG o.s.core.env.StandardEnvironment - Initialized StandardEnvironment with PropertySources [systemProperties,systemEnvironment]
16:05:20.522 [Test worker] DEBUG o.s.core.env.StandardEnvironment - Adding [integrationTest] PropertySource with search precedence immediately lower than [systemEnvironment]

  .   ____          _            __ _ _
 /\\ / ___'_ __ _ _(_)_ __  __ _ \ \ \ \
( ( )\___ | '_ | '_| | '_ \/ _` | \ \ \ \
 \\/  ___)| |_)| | | | | || (_| |  ) ) ) )
  '  |____| .__|_| |_|_| |_\__, | / / / /
 =========|_|==============|___/=/_/_/_/
 :: Spring Boot ::        (v1.1.5.RELEASE)

2014-09-27 16:05:21.457  INFO 5897 --- [    Test worker] o.s.boot.SpringApplication               : Starting application on dinesh with PID 5897 (/home/dinesh/.m2/repository/org/springframework/boot/spring-boot/1.1.5.RELEASE/spring-boot-1.1.5.RELEASE.jar started by dinesh in /home/dinesh/NewWorkspace/RestEvent)
2014-09-27 16:05:21.547  INFO 5897 --- [    Test worker] s.c.a.AnnotationConfigApplicationContext : Refreshing org.springframework.context.annotation.AnnotationConfigApplicationContext@1833d8a: startup date [Sat Sep 27 16:05:21 IST 2014]; root of context hierarchy
2014-09-27 16:05:24.111  INFO 5897 --- [    Test worker] o.s.boot.SpringApplication               : Started application in 3.586 seconds (JVM running for 13.806)
CustomerQuickRegisterEntity [customerId=212, firstName=dinesh, lastName=shende, email=dineshshe@gmail.com, mobile=9960821869, pin=413133, status=EmailMobileVerificationPending, mobilePin=101010, emailHash=1010101010]
]]></system-out>
  <system-err><![CDATA[]]></system-err>
</testsuite>
