<?xml version="1.0" encoding="UTF-8"?>
<testsuite name="com.projectx.rest.services.CustomerQuickRegisterServiceTest" tests="15" failures="0" errors="0" timestamp="2014-09-26T19:07:16" hostname="dinesh" time="4.182">
  <properties/>
  <testcase name="checkIfEmailMobileCustomerExist" classname="com.projectx.rest.services.CustomerQuickRegisterServiceTest" time="1.307"/>
  <testcase name="populateStatusMobileCustomer" classname="com.projectx.rest.services.CustomerQuickRegisterServiceTest" time="0.087"/>
  <testcase name="checkIfEmailCustomerExist" classname="com.projectx.rest.services.CustomerQuickRegisterServiceTest" time="0.225"/>
  <testcase name="handleNewCustomerQuickRegistrationWithEmailCustomer" classname="com.projectx.rest.services.CustomerQuickRegisterServiceTest" time="0.044"/>
  <testcase name="verifyMobileWithMobileCustomer" classname="com.projectx.rest.services.CustomerQuickRegisterServiceTest" time="0.365"/>
  <testcase name="getCustomerByCustomerIdWithEmailMobileCustomer" classname="com.projectx.rest.services.CustomerQuickRegisterServiceTest" time="0.156"/>
  <testcase name="verifyEmailAndMobileFailedCase" classname="com.projectx.rest.services.CustomerQuickRegisterServiceTest" time="0.067"/>
  <testcase name="checkIfMobileCustomerExist" classname="com.projectx.rest.services.CustomerQuickRegisterServiceTest" time="0.609"/>
  <testcase name="handleNewCustomerQuickRegistrationWithMobileCustomer" classname="com.projectx.rest.services.CustomerQuickRegisterServiceTest" time="0.066"/>
  <testcase name="verifyMobileEmailWithEmailMobileCustomer" classname="com.projectx.rest.services.CustomerQuickRegisterServiceTest" time="0.232"/>
  <testcase name="populateStatusEmailMobileCustomer" classname="com.projectx.rest.services.CustomerQuickRegisterServiceTest" time="0.057"/>
  <testcase name="handleNewCustomerQuickRegistrationWithEmailMobileCustomer" classname="com.projectx.rest.services.CustomerQuickRegisterServiceTest" time="0.111"/>
  <testcase name="verifyEmailWithEmailCustomer" classname="com.projectx.rest.services.CustomerQuickRegisterServiceTest" time="0.479"/>
  <testcase name="populateStatusEmailCustomer" classname="com.projectx.rest.services.CustomerQuickRegisterServiceTest" time="0.043"/>
  <testcase name="verifyEmailHashMobilePinWithEmailMobileCustomer" classname="com.projectx.rest.services.CustomerQuickRegisterServiceTest" time="0.323"/>
  <system-out><![CDATA[2014-09-27 00:37:16.080  INFO 15389 --- [    Test worker] o.s.test.context.TestContextManager      : Could not instantiate TestExecutionListener [org.springframework.test.context.transaction.TransactionalTestExecutionListener]. Specify custom listener classes or make the default listener classes (and their required dependencies) available. Offending class: [org/springframework/transaction/interceptor/TransactionAttribute]

  .   ____          _            __ _ _
 /\\ / ___'_ __ _ _(_)_ __  __ _ \ \ \ \
( ( )\___ | '_ | '_| | '_ \/ _` | \ \ \ \
 \\/  ___)| |_)| | | | | || (_| |  ) ) ) )
  '  |____| .__|_| |_|_| |_\__, | / / / /
 =========|_|==============|___/=/_/_/_/
 :: Spring Boot ::        (v1.1.5.RELEASE)

2014-09-27 00:37:16.256  INFO 15389 --- [    Test worker] o.s.boot.SpringApplication               : Starting application on dinesh with PID 15389 (/home/dinesh/.m2/repository/org/springframework/boot/spring-boot/1.1.5.RELEASE/spring-boot-1.1.5.RELEASE.jar started by dinesh in /home/dinesh/NewWorkspace/RestEvent)
2014-09-27 00:37:16.259  INFO 15389 --- [    Test worker] s.c.a.AnnotationConfigApplicationContext : Refreshing org.springframework.context.annotation.AnnotationConfigApplicationContext@ba5422: startup date [Sat Sep 27 00:37:16 IST 2014]; root of context hierarchy
2014-09-27 00:37:16.829  INFO 15389 --- [    Test worker] o.s.boot.SpringApplication               : Started application in 0.723 seconds (JVM running for 8.443)
]]></system-out>
  <system-err><![CDATA[]]></system-err>
</testsuite>
