<?xml version="1.0" encoding="UTF-8"?>
<testsuite name="com.projectx.rest.controller.CustomerQuickRegisterControllerITest" tests="2" failures="0" errors="0" timestamp="2014-09-27T10:35:38" hostname="dinesh" time="1.615">
  <properties/>
  <testcase name="checkIfExistStatusWithEmailMobileCustomer" classname="com.projectx.rest.controller.CustomerQuickRegisterControllerITest" time="1.303"/>
  <testcase name="AddCustomerQuickRegisterWithEmailMobileCustomer" classname="com.projectx.rest.controller.CustomerQuickRegisterControllerITest" time="0.311"/>
  <system-out><![CDATA[2014-09-27 16:05:38.288  INFO 5897 --- [    Test worker] o.s.test.context.TestContextManager      : Could not instantiate TestExecutionListener [org.springframework.test.context.transaction.TransactionalTestExecutionListener]. Specify custom listener classes or make the default listener classes (and their required dependencies) available. Offending class: [org/springframework/transaction/interceptor/TransactionAttribute]

  .   ____          _            __ _ _
 /\\ / ___'_ __ _ _(_)_ __  __ _ \ \ \ \
( ( )\___ | '_ | '_| | '_ \/ _` | \ \ \ \
 \\/  ___)| |_)| | | | | || (_| |  ) ) ) )
  '  |____| .__|_| |_|_| |_\__, | / / / /
 =========|_|==============|___/=/_/_/_/
 :: Spring Boot ::        (v1.1.5.RELEASE)

2014-09-27 16:05:38.417  INFO 5897 --- [    Test worker] o.s.boot.SpringApplication               : Starting application on dinesh with PID 5897 (/home/dinesh/.m2/repository/org/springframework/boot/spring-boot/1.1.5.RELEASE/spring-boot-1.1.5.RELEASE.jar started by dinesh in /home/dinesh/NewWorkspace/RestEvent)
2014-09-27 16:05:38.420  INFO 5897 --- [    Test worker] o.s.w.c.s.GenericWebApplicationContext   : Refreshing org.springframework.web.context.support.GenericWebApplicationContext@19e7f67: startup date [Sat Sep 27 16:05:38 IST 2014]; root of context hierarchy
2014-09-27 16:05:38.819  INFO 5897 --- [    Test worker] o.s.b.f.s.DefaultListableBeanFactory     : Overriding bean definition for bean 'beanNameViewResolver': replacing [Root bean: class [null]; scope=; abstract=false; lazyInit=false; autowireMode=3; dependencyCheck=0; autowireCandidate=true; primary=false; factoryBeanName=org.springframework.boot.autoconfigure.web.ErrorMvcAutoConfiguration$WhitelabelErrorViewConfiguration; factoryMethodName=beanNameViewResolver; initMethodName=null; destroyMethodName=(inferred); defined in class path resource [org/springframework/boot/autoconfigure/web/ErrorMvcAutoConfiguration$WhitelabelErrorViewConfiguration.class]] with [Root bean: class [null]; scope=; abstract=false; lazyInit=false; autowireMode=3; dependencyCheck=0; autowireCandidate=true; primary=false; factoryBeanName=org.springframework.boot.autoconfigure.web.WebMvcAutoConfiguration$WebMvcAutoConfigurationAdapter; factoryMethodName=beanNameViewResolver; initMethodName=null; destroyMethodName=(inferred); defined in class path resource [org/springframework/boot/autoconfigure/web/WebMvcAutoConfiguration$WebMvcAutoConfigurationAdapter.class]]
2014-09-27 16:05:38.893  INFO 5897 --- [    Test worker] o.s.b.f.s.DefaultListableBeanFactory     : Overriding bean definition for bean 'entityLinksPluginRegistry': replacing [Root bean: class [org.springframework.plugin.core.support.PluginRegistryFactoryBean]; scope=; abstract=false; lazyInit=false; autowireMode=0; dependencyCheck=0; autowireCandidate=true; primary=false; factoryBeanName=null; factoryMethodName=null; initMethodName=null; destroyMethodName=null] with [Root bean: class [org.springframework.plugin.core.support.PluginRegistryFactoryBean]; scope=; abstract=false; lazyInit=false; autowireMode=0; dependencyCheck=0; autowireCandidate=true; primary=false; factoryBeanName=null; factoryMethodName=null; initMethodName=null; destroyMethodName=null]
2014-09-27 16:05:38.894  INFO 5897 --- [    Test worker] o.s.b.f.s.DefaultListableBeanFactory     : Overriding bean definition for bean 'controllerEntityLinks': replacing [Root bean: class [org.springframework.hateoas.core.ControllerEntityLinksFactoryBean]; scope=; abstract=false; lazyInit=false; autowireMode=0; dependencyCheck=0; autowireCandidate=true; primary=false; factoryBeanName=null; factoryMethodName=null; initMethodName=null; destroyMethodName=null] with [Root bean: class [org.springframework.hateoas.core.ControllerEntityLinksFactoryBean]; scope=; abstract=false; lazyInit=false; autowireMode=0; dependencyCheck=0; autowireCandidate=true; primary=false; factoryBeanName=null; factoryMethodName=null; initMethodName=null; destroyMethodName=null]
2014-09-27 16:05:38.894  INFO 5897 --- [    Test worker] o.s.b.f.s.DefaultListableBeanFactory     : Overriding bean definition for bean 'delegatingEntityLinks': replacing [Root bean: class [org.springframework.hateoas.core.DelegatingEntityLinks]; scope=; abstract=false; lazyInit=false; autowireMode=0; dependencyCheck=0; autowireCandidate=true; primary=true; factoryBeanName=null; factoryMethodName=null; initMethodName=null; destroyMethodName=null] with [Root bean: class [org.springframework.hateoas.core.DelegatingEntityLinks]; scope=; abstract=false; lazyInit=false; autowireMode=0; dependencyCheck=0; autowireCandidate=true; primary=true; factoryBeanName=null; factoryMethodName=null; initMethodName=null; destroyMethodName=null]
2014-09-27 16:05:39.358  INFO 5897 --- [    Test worker] o.s.w.s.handler.SimpleUrlHandlerMapping  : Mapped URL path [/**/favicon.ico] onto handler of type [class org.springframework.web.servlet.resource.ResourceHttpRequestHandler]
2014-09-27 16:05:39.368  INFO 5897 --- [    Test worker] s.w.s.m.m.a.RequestMappingHandlerMapping : Mapped "{[/email/checkemail],methods=[POST],params=[],headers=[],consumes=[],produces=[],custom=[]}" onto public com.projectx.rest.domain.Email com.projectx.rest.controller.EmailController.redirectEmail(com.projectx.rest.domain.Email)
2014-09-27 16:05:39.369  INFO 5897 --- [    Test worker] s.w.s.m.m.a.RequestMappingHandlerMapping : Mapped "{[/email/addemail],methods=[POST],params=[],headers=[],consumes=[],produces=[],custom=[]}" onto public org.springframework.http.ResponseEntity<com.projectx.rest.domain.Email> com.projectx.rest.controller.EmailController.addEmail(com.projectx.rest.domain.Email,org.springframework.web.util.UriComponentsBuilder) throws java.lang.Exception
2014-09-27 16:05:39.371  INFO 5897 --- [    Test worker] s.w.s.m.m.a.RequestMappingHandlerMapping : Mapped "{[/customer/quickregister/updateEmailHash],methods=[POST],params=[],headers=[],consumes=[],produces=[],custom=[]}" onto public java.lang.Integer com.projectx.rest.controller.CustomerQuickRegisterController.updateEmailHash(com.projectx.data.domain.UpdateEmailHashDTO)
2014-09-27 16:05:39.371  INFO 5897 --- [    Test worker] s.w.s.m.m.a.RequestMappingHandlerMapping : Mapped "{[/customer/quickregister/updateMobilePin],methods=[POST],params=[],headers=[],consumes=[],produces=[],custom=[]}" onto public java.lang.Integer com.projectx.rest.controller.CustomerQuickRegisterController.updateMobilePin(com.projectx.data.domain.UpdateMobilePinDTO)
2014-09-27 16:05:39.372  INFO 5897 --- [    Test worker] s.w.s.m.m.a.RequestMappingHandlerMapping : Mapped "{[/customer/quickregister/verifyEmailHash],methods=[POST],params=[],headers=[],consumes=[],produces=[],custom=[]}" onto public java.lang.Boolean com.projectx.rest.controller.CustomerQuickRegisterController.verifyEmailHash(com.projectx.data.domain.VerifyEmailHashDTO)
2014-09-27 16:05:39.372  INFO 5897 --- [    Test worker] s.w.s.m.m.a.RequestMappingHandlerMapping : Mapped "{[/customer/quickregister/verifyMobilePin],methods=[POST],params=[],headers=[],consumes=[],produces=[],custom=[]}" onto public java.lang.Boolean com.projectx.rest.controller.CustomerQuickRegisterController.verifyMobilePin(com.projectx.data.domain.VerifyMobilePinDTO)
2014-09-27 16:05:39.373  INFO 5897 --- [    Test worker] s.w.s.m.m.a.RequestMappingHandlerMapping : Mapped "{[/customer/quickregister/getByCustomerId],methods=[POST],params=[],headers=[],consumes=[],produces=[],custom=[]}" onto public com.projectx.rest.domain.CustomerQuickRegisterEntity com.projectx.rest.controller.CustomerQuickRegisterController.getCustomerByCustomerId(com.projectx.web.domain.GetByCustomerIdDTO)
2014-09-27 16:05:39.374  INFO 5897 --- [    Test worker] s.w.s.m.m.a.RequestMappingHandlerMapping : Mapped "{[/customer/quickregister/cleartestdata],methods=[],params=[],headers=[],consumes=[],produces=[],custom=[]}" onto public void com.projectx.rest.controller.CustomerQuickRegisterController.clearTestData()
2014-09-27 16:05:39.375  INFO 5897 --- [    Test worker] s.w.s.m.m.a.RequestMappingHandlerMapping : Mapped "{[/customer/quickregister],methods=[POST],params=[],headers=[],consumes=[],produces=[],custom=[]}" onto public com.projectx.rest.domain.CustomerQuickRegisterEntity com.projectx.rest.controller.CustomerQuickRegisterController.addNewCustomerQuickRegister(com.projectx.web.domain.CustomerQuickRegisterEntityDTO) throws java.lang.Exception
2014-09-27 16:05:39.375  INFO 5897 --- [    Test worker] s.w.s.m.m.a.RequestMappingHandlerMapping : Mapped "{[/customer/quickregister/checkifexist],methods=[POST],params=[],headers=[],consumes=[],produces=[],custom=[]}" onto public java.lang.String com.projectx.rest.controller.CustomerQuickRegisterController.checkIfCustomerAlreadyExist(com.projectx.web.domain.CustomerQuickRegisterEntityDTO) throws java.lang.Exception
2014-09-27 16:05:39.377  INFO 5897 --- [    Test worker] s.w.s.m.m.a.RequestMappingHandlerMapping : Mapped "{[/error],methods=[],params=[],headers=[],consumes=[],produces=[text/html],custom=[]}" onto public org.springframework.web.servlet.ModelAndView org.springframework.boot.autoconfigure.web.BasicErrorController.errorHtml(javax.servlet.http.HttpServletRequest)
2014-09-27 16:05:39.378  INFO 5897 --- [    Test worker] s.w.s.m.m.a.RequestMappingHandlerMapping : Mapped "{[/error],methods=[],params=[],headers=[],consumes=[],produces=[],custom=[]}" onto public org.springframework.http.ResponseEntity<java.util.Map<java.lang.String, java.lang.Object>> org.springframework.boot.autoconfigure.web.BasicErrorController.error(javax.servlet.http.HttpServletRequest)
2014-09-27 16:05:39.392  INFO 5897 --- [    Test worker] o.s.w.s.handler.SimpleUrlHandlerMapping  : Mapped URL path [/**] onto handler of type [class org.springframework.web.servlet.resource.ResourceHttpRequestHandler]
2014-09-27 16:05:39.393  INFO 5897 --- [    Test worker] o.s.w.s.handler.SimpleUrlHandlerMapping  : Mapped URL path [/webjars/**] onto handler of type [class org.springframework.web.servlet.resource.ResourceHttpRequestHandler]
2014-09-27 16:05:39.442  INFO 5897 --- [    Test worker] o.s.boot.SpringApplication               : Started application in 1.148 seconds (JVM running for 29.137)
2014-09-27 16:05:39.446  INFO 5897 --- [    Test worker] o.s.mock.web.MockServletContext          : Initializing Spring FrameworkServlet ''
2014-09-27 16:05:39.447  INFO 5897 --- [    Test worker] o.s.t.web.servlet.TestDispatcherServlet  : FrameworkServlet '': initialization started
2014-09-27 16:05:39.449  INFO 5897 --- [    Test worker] o.s.t.web.servlet.TestDispatcherServlet  : FrameworkServlet '': initialization completed in 2 ms

MockHttpServletRequest:
         HTTP Method = POST
         Request URI = /customer/quickregister/checkifexist
          Parameters = {}
             Headers = {Content-Type=[application/json], Accept=[application/json]}

             Handler:
                Type = com.projectx.rest.controller.CustomerQuickRegisterController
              Method = public java.lang.String com.projectx.rest.controller.CustomerQuickRegisterController.checkIfCustomerAlreadyExist(com.projectx.web.domain.CustomerQuickRegisterEntityDTO) throws java.lang.Exception

               Async:
   Was async started = false
        Async result = null

  Resolved Exception:
                Type = null

        ModelAndView:
           View name = null
                View = null
               Model = null

            FlashMap:

MockHttpServletResponse:
              Status = 200
       Error message = null
             Headers = {Content-Type=[application/json;charset=UTF-8], Content-Length=[14]}
        Content type = application/json;charset=UTF-8
                Body = NOT_REGISTERED
       Forwarded URL = null
      Redirected URL = null
             Cookies = []
null
2014-09-27 16:05:39.595  INFO 5897 --- [    Test worker] o.s.mock.web.MockServletContext          : Initializing Spring FrameworkServlet ''
2014-09-27 16:05:39.595  INFO 5897 --- [    Test worker] o.s.t.web.servlet.TestDispatcherServlet  : FrameworkServlet '': initialization started
2014-09-27 16:05:39.596  INFO 5897 --- [    Test worker] o.s.t.web.servlet.TestDispatcherServlet  : FrameworkServlet '': initialization completed in 1 ms

MockHttpServletRequest:
         HTTP Method = POST
         Request URI = /customer/quickregister
          Parameters = {}
             Headers = {Content-Type=[application/json], Accept=[application/json]}

             Handler:
                Type = com.projectx.rest.controller.CustomerQuickRegisterController
              Method = public com.projectx.rest.domain.CustomerQuickRegisterEntity com.projectx.rest.controller.CustomerQuickRegisterController.addNewCustomerQuickRegister(com.projectx.web.domain.CustomerQuickRegisterEntityDTO) throws java.lang.Exception

               Async:
   Was async started = false
        Async result = null

  Resolved Exception:
                Type = null

        ModelAndView:
           View name = null
                View = null
               Model = null

            FlashMap:

MockHttpServletResponse:
              Status = 200
       Error message = null
             Headers = {Content-Type=[application/json;charset=UTF-8]}
        Content type = application/json;charset=UTF-8
                Body = {"customerId":1,"firstName":"dinesh","lastName":"shende","email":"dineshshe@gmail.com","mobile":9960821869,"pin":413133,"status":"EmailMobileVerificationPending","mobilePin":101010,"emailHash":1010101010,"mobileVerified":false,"emailMobileVerified":false,"emailVerified":false,"mobileVerifiedEmailVerficationPending":false,"emailMobileVerificationPending":true,"emailVerificationPending":false,"emailVerifiedMobileVerficationPending":false,"mobileVerificationPending":false}
       Forwarded URL = null
      Redirected URL = null
             Cookies = []
]]></system-out>
  <system-err><![CDATA[]]></system-err>
</testsuite>
